[2026.02.19 - 20:14] Verificando arquivos importantes.
[2026.02.19 - 20:14] [>>] Arquivo ausente:Config.json
[2026.02.19 - 20:14] Verificando arquivos importantes.
[2026.02.19 - 20:14] [>>] Arquivo ausente:Config.json
[2026.02.19 - 20:21] Verificando arquivos importantes.
[2026.02.19 - 20:21] [>>] Arquivo ausente:Config.json
[2026.02.19 - 20:23] Verificando arquivos importantes.
[2026.02.19 - 20:23] [>>] Arquivo ausente:Config.json
[2026.02.19 - 20:23] Verificando arquivos importantes.
[2026.02.19 - 20:23] Verificando arquivos importantes.
[2026.02.19 - 20:23] [>>] Arquivo ausente:Config.json
[2026.02.19 - 20:24] Verificando arquivos importantes.
[2026.02.19 - 20:24] [>>] Arquivo ausente:Config.json
[2026.02.19 - 21:57] Memeriksa file-file penting.
[2026.02.19 - 21:57] [>>] Berkas hilang:Config.json
[2026.02.19 - 21:59] Memeriksa file-file penting.
[2026.02.19 - 21:59] [>>] Berkas hilang:Config.json
[2026.02.19 - 22:00] Memeriksa file-file penting.
[2026.02.19 - 22:00] [>>] Berkas hilang:Config.json
[2026.02.19 - 22:01] Memeriksa file-file penting.
[2026.02.19 - 22:01] [>>] Berkas hilang:Config.json
[2026.02.19 - 22:21] Memeriksa file-file penting.
[2026.02.19 - 22:21] [>>] Berkas hilang:Config.json
[2026.02.19 - 22:22] Memeriksa file-file penting.
[2026.02.19 - 22:23] [>>] Berkas hilang:Config.json
[2026.02.19 - 22:24] Memeriksa file-file penting.
[2026.02.19 - 22:25] [>>] Berkas hilang:Config.json
[2026.02.19 - 22:26] Memeriksa file-file penting.
[2026.02.19 - 22:26] [>>] Berkas hilang:Config.json
[2026.02.19 - 22:27] Memeriksa file-file penting.
[2026.02.19 - 22:27] [#] Config.json.
[2026.02.19 - 22:27] [#] Newtonsoft.Json.dll.
[2026.02.19 - 22:27] [#] System.ValueTuple.dll.
[2026.02.19 - 22:27] [#] System.Threading.Tasks.Extensions.dll.
[2026.02.19 - 22:27] [#] System.Runtime.CompilerServices.Unsafe.dll.
[2026.02.19 - 22:27] Berkas telah diverifikasi.
[2026.02.19 - 22:28] Permainan tidak dapat dimulai. 'PointBlank.exe' tidak ditemukan.
[2026.02.19 - 22:32] Memeriksa file-file penting.
[2026.02.19 - 22:32] [#] Config.json.
[2026.02.19 - 22:32] [#] Newtonsoft.Json.dll.
[2026.02.19 - 22:32] [#] System.ValueTuple.dll.
[2026.02.19 - 22:32] [#] System.Threading.Tasks.Extensions.dll.
[2026.02.19 - 22:32] [#] System.Runtime.CompilerServices.Unsafe.dll.
[2026.02.19 - 22:32] Berkas telah diverifikasi.
[2026.02.19 - 22:33] [#] Memeriksa integritas file.
[2026.02.19 - 22:33] Terjadi kesalahan saat mengambil jalur relatif. Jalur: \chrome_100_percent.pak tidak mengandung \\10.1.28.24\Sharing\Game Dev\PB\PB368\Launcher\PBLauncher\Launcher\bin\Debug
[2026.02.19 - 22:33] Berkas tidak ditemukan: \chrome_100_percent.pak
[2026.02.19 - 22:33] Terjadi kesalahan saat mengambil jalur relatif. Jalur: \chrome_200_percent.pak tidak mengandung \\10.1.28.24\Sharing\Game Dev\PB\PB368\Launcher\PBLauncher\Launcher\bin\Debug
[2026.02.19 - 22:33] Berkas tidak ditemukan: \chrome_200_percent.pak
[2026.02.19 - 22:33] Terjadi kesalahan saat mengambil jalur relatif. Jalur: \d3dcompiler_47.dll tidak mengandung \\10.1.28.24\Sharing\Game Dev\PB\PB368\Launcher\PBLauncher\Launcher\bin\Debug
[2026.02.19 - 22:33] Berkas tidak ditemukan: \d3dcompiler_47.dll
[2026.02.19 - 22:33] Terjadi kesalahan saat mengambil jalur relatif. Jalur: \ffmpeg.dll tidak mengandung \\10.1.28.24\Sharing\Game Dev\PB\PB368\Launcher\PBLauncher\Launcher\bin\Debug
[2026.02.19 - 22:33] Berkas tidak ditemukan: \ffmpeg.dll
[2026.02.19 - 22:33] Terjadi kesalahan saat mengambil jalur relatif. Jalur: \icudtl.dat tidak mengandung \\10.1.28.24\Sharing\Game Dev\PB\PB368\Launcher\PBLauncher\Launcher\bin\Debug
[2026.02.19 - 22:33] Berkas tidak ditemukan: \icudtl.dat
[2026.02.19 - 22:33] Terjadi kesalahan saat mengambil jalur relatif. Jalur: \libEGL.dll tidak mengandung \\10.1.28.24\Sharing\Game Dev\PB\PB368\Launcher\PBLauncher\Launcher\bin\Debug
[2026.02.19 - 22:33] Berkas tidak ditemukan: \libEGL.dll
[2026.02.19 - 22:33] Terjadi kesalahan saat mengambil jalur relatif. Jalur: \libGLESv2.dll tidak mengandung \\10.1.28.24\Sharing\Game Dev\PB\PB368\Launcher\PBLauncher\Launcher\bin\Debug
[2026.02.19 - 22:33] Berkas tidak ditemukan: \libGLESv2.dll
[2026.02.19 - 22:33] Terjadi kesalahan saat mengambil jalur relatif. Jalur: \LICENSE.electron.txt tidak mengandung \\10.1.28.24\Sharing\Game Dev\PB\PB368\Launcher\PBLauncher\Launcher\bin\Debug
[2026.02.19 - 22:33] Berkas tidak ditemukan: \LICENSE.electron.txt
[2026.02.19 - 22:33] Terjadi kesalahan saat mengambil jalur relatif. Jalur: \LICENSES.chromium.html tidak mengandung \\10.1.28.24\Sharing\Game Dev\PB\PB368\Launcher\PBLauncher\Launcher\bin\Debug
[2026.02.19 - 22:33] Berkas tidak ditemukan: \LICENSES.chromium.html
[2026.02.19 - 22:33] Terjadi kesalahan saat mengambil jalur relatif. Jalur: \resources.pak tidak mengandung \\10.1.28.24\Sharing\Game Dev\PB\PB368\Launcher\PBLauncher\Launcher\bin\Debug
[2026.02.19 - 22:33] Berkas tidak ditemukan: \resources.pak
[2026.02.19 - 22:33] Terjadi kesalahan saat mengambil jalur relatif. Jalur: \snapshot_blob.bin tidak mengandung \\10.1.28.24\Sharing\Game Dev\PB\PB368\Launcher\PBLauncher\Launcher\bin\Debug
[2026.02.19 - 22:33] Berkas tidak ditemukan: \snapshot_blob.bin
[2026.02.19 - 22:33] Terjadi kesalahan saat mengambil jalur relatif. Jalur: \v8_context_snapshot.bin tidak mengandung \\10.1.28.24\Sharing\Game Dev\PB\PB368\Launcher\PBLauncher\Launcher\bin\Debug
[2026.02.19 - 22:33] Berkas tidak ditemukan: \v8_context_snapshot.bin
[2026.02.19 - 22:33] Terjadi kesalahan saat mengambil jalur relatif. Jalur: \vk_swiftshader.dll tidak mengandung \\10.1.28.24\Sharing\Game Dev\PB\PB368\Launcher\PBLauncher\Launcher\bin\Debug
[2026.02.19 - 22:33] Berkas tidak ditemukan: \vk_swiftshader.dll
[2026.02.19 - 22:33] Terjadi kesalahan saat mengambil jalur relatif. Jalur: \vk_swiftshader_icd.json tidak mengandung \\10.1.28.24\Sharing\Game Dev\PB\PB368\Launcher\PBLauncher\Launcher\bin\Debug
[2026.02.19 - 22:33] Berkas tidak ditemukan: \vk_swiftshader_icd.json
[2026.02.19 - 22:33] Terjadi kesalahan saat mengambil jalur relatif. Jalur: \vulkan-1.dll tidak mengandung \\10.1.28.24\Sharing\Game Dev\PB\PB368\Launcher\PBLauncher\Launcher\bin\Debug
[2026.02.19 - 22:33] Berkas tidak ditemukan: \vulkan-1.dll
[2026.02.19 - 22:33] Mengunduh [15] Berkas tidak valid.
[2026.02.19 - 22:33] Terjadi kesalahan saat mengambil jalur relatif. Jalur: \chrome_100_percent.pak tidak mengandung \\10.1.28.24\Sharing\Game Dev\PB\PB368\Launcher\PBLauncher\Launcher\bin\Debug
[2026.02.19 - 22:33] Berkas [chrome_100_percent.pak] Tidak ditemukan di server. Silakan coba lagi nanti.
[2026.02.19 - 22:33] Terjadi kesalahan saat mengambil jalur relatif. Jalur: \chrome_200_percent.pak tidak mengandung \\10.1.28.24\Sharing\Game Dev\PB\PB368\Launcher\PBLauncher\Launcher\bin\Debug
[2026.02.19 - 22:33] Berkas [chrome_200_percent.pak] Tidak ditemukan di server. Silakan coba lagi nanti.
[2026.02.19 - 22:33] Terjadi kesalahan saat mengambil jalur relatif. Jalur: \d3dcompiler_47.dll tidak mengandung \\10.1.28.24\Sharing\Game Dev\PB\PB368\Launcher\PBLauncher\Launcher\bin\Debug
[2026.02.19 - 22:33] Berkas [d3dcompiler_47.dll] Tidak ditemukan di server. Silakan coba lagi nanti.
[2026.02.19 - 22:33] Terjadi kesalahan saat mengambil jalur relatif. Jalur: \ffmpeg.dll tidak mengandung \\10.1.28.24\Sharing\Game Dev\PB\PB368\Launcher\PBLauncher\Launcher\bin\Debug
[2026.02.19 - 22:33] Berkas [ffmpeg.dll] Tidak ditemukan di server. Silakan coba lagi nanti.
[2026.02.19 - 22:33] Terjadi kesalahan saat mengambil jalur relatif. Jalur: \icudtl.dat tidak mengandung \\10.1.28.24\Sharing\Game Dev\PB\PB368\Launcher\PBLauncher\Launcher\bin\Debug
[2026.02.19 - 22:33] Berkas [icudtl.dat] Tidak ditemukan di server. Silakan coba lagi nanti.
[2026.02.19 - 22:33] Terjadi kesalahan saat mengambil jalur relatif. Jalur: \libEGL.dll tidak mengandung \\10.1.28.24\Sharing\Game Dev\PB\PB368\Launcher\PBLauncher\Launcher\bin\Debug
[2026.02.19 - 22:33] Berkas [libEGL.dll] Tidak ditemukan di server. Silakan coba lagi nanti.
[2026.02.19 - 22:33] Terjadi kesalahan saat mengambil jalur relatif. Jalur: \libGLESv2.dll tidak mengandung \\10.1.28.24\Sharing\Game Dev\PB\PB368\Launcher\PBLauncher\Launcher\bin\Debug
[2026.02.19 - 22:33] Berkas [libGLESv2.dll] Tidak ditemukan di server. Silakan coba lagi nanti.
[2026.02.19 - 22:33] Terjadi kesalahan saat mengambil jalur relatif. Jalur: \LICENSE.electron.txt tidak mengandung \\10.1.28.24\Sharing\Game Dev\PB\PB368\Launcher\PBLauncher\Launcher\bin\Debug
[2026.02.19 - 22:33] Berkas [LICENSE.electron.txt] Tidak ditemukan di server. Silakan coba lagi nanti.
[2026.02.19 - 22:33] Terjadi kesalahan saat mengambil jalur relatif. Jalur: \LICENSES.chromium.html tidak mengandung \\10.1.28.24\Sharing\Game Dev\PB\PB368\Launcher\PBLauncher\Launcher\bin\Debug
[2026.02.19 - 22:33] Berkas [LICENSES.chromium.html] Tidak ditemukan di server. Silakan coba lagi nanti.
[2026.02.19 - 22:33] Terjadi kesalahan saat mengambil jalur relatif. Jalur: \resources.pak tidak mengandung \\10.1.28.24\Sharing\Game Dev\PB\PB368\Launcher\PBLauncher\Launcher\bin\Debug
[2026.02.19 - 22:33] Berkas [resources.pak] Tidak ditemukan di server. Silakan coba lagi nanti.
[2026.02.19 - 22:33] Terjadi kesalahan saat mengambil jalur relatif. Jalur: \snapshot_blob.bin tidak mengandung \\10.1.28.24\Sharing\Game Dev\PB\PB368\Launcher\PBLauncher\Launcher\bin\Debug
[2026.02.19 - 22:33] Berkas [snapshot_blob.bin] Tidak ditemukan di server. Silakan coba lagi nanti.
[2026.02.19 - 22:33] Terjadi kesalahan saat mengambil jalur relatif. Jalur: \v8_context_snapshot.bin tidak mengandung \\10.1.28.24\Sharing\Game Dev\PB\PB368\Launcher\PBLauncher\Launcher\bin\Debug
[2026.02.19 - 22:33] Berkas [v8_context_snapshot.bin] Tidak ditemukan di server. Silakan coba lagi nanti.
[2026.02.19 - 22:33] Terjadi kesalahan saat mengambil jalur relatif. Jalur: \vk_swiftshader.dll tidak mengandung \\10.1.28.24\Sharing\Game Dev\PB\PB368\Launcher\PBLauncher\Launcher\bin\Debug
[2026.02.19 - 22:33] Berkas [vk_swiftshader.dll] Tidak ditemukan di server. Silakan coba lagi nanti.
[2026.02.19 - 22:33] Terjadi kesalahan saat mengambil jalur relatif. Jalur: \vk_swiftshader_icd.json tidak mengandung \\10.1.28.24\Sharing\Game Dev\PB\PB368\Launcher\PBLauncher\Launcher\bin\Debug
[2026.02.19 - 22:33] Berkas [vk_swiftshader_icd.json] Tidak ditemukan di server. Silakan coba lagi nanti.
[2026.02.19 - 22:33] Terjadi kesalahan saat mengambil jalur relatif. Jalur: \vulkan-1.dll tidak mengandung \\10.1.28.24\Sharing\Game Dev\PB\PB368\Launcher\PBLauncher\Launcher\bin\Debug
[2026.02.19 - 22:33] Berkas [vulkan-1.dll] Tidak ditemukan di server. Silakan coba lagi nanti.
[2026.02.19 - 22:33] Verifikasi selesai.
[2026.02.19 - 22:33] Terdeteksi [15] Berkas tidak valid.
[2026.02.19 - 22:34] Memeriksa file-file penting.
[2026.02.19 - 22:34] [#] Config.json.
[2026.02.19 - 22:34] [#] Newtonsoft.Json.dll.
[2026.02.19 - 22:34] [#] System.ValueTuple.dll.
[2026.02.19 - 22:34] [#] System.Threading.Tasks.Extensions.dll.
[2026.02.19 - 22:34] [#] System.Runtime.CompilerServices.Unsafe.dll.
[2026.02.19 - 22:34] Berkas telah diverifikasi.
[2026.02.19 - 22:34] Permainan tidak dapat dimulai. 'PointBlank.exe' tidak ditemukan.
[2026.02.19 - 22:34] Permainan tidak dapat dimulai. 'PointBlank.exe' tidak ditemukan.
[2026.02.19 - 22:34] Permainan tidak dapat dimulai. 'PointBlank.exe' tidak ditemukan.
[2026.02.19 - 22:35] [#] Memeriksa integritas file.
[2026.02.19 - 22:35] Terjadi kesalahan saat mengambil jalur relatif. Jalur: \chrome_100_percent.pak tidak mengandung \\10.1.28.24\Sharing\Game Dev\PB\PB368\Launcher\PBLauncher\Launcher\bin\Debug
[2026.02.19 - 22:35] Berkas tidak ditemukan: \chrome_100_percent.pak
[2026.02.19 - 22:35] Terjadi kesalahan saat mengambil jalur relatif. Jalur: \chrome_200_percent.pak tidak mengandung \\10.1.28.24\Sharing\Game Dev\PB\PB368\Launcher\PBLauncher\Launcher\bin\Debug
[2026.02.19 - 22:35] Berkas tidak ditemukan: \chrome_200_percent.pak
[2026.02.19 - 22:35] Terjadi kesalahan saat mengambil jalur relatif. Jalur: \d3dcompiler_47.dll tidak mengandung \\10.1.28.24\Sharing\Game Dev\PB\PB368\Launcher\PBLauncher\Launcher\bin\Debug
[2026.02.19 - 22:35] Berkas tidak ditemukan: \d3dcompiler_47.dll
[2026.02.19 - 22:35] Terjadi kesalahan saat mengambil jalur relatif. Jalur: \ffmpeg.dll tidak mengandung \\10.1.28.24\Sharing\Game Dev\PB\PB368\Launcher\PBLauncher\Launcher\bin\Debug
[2026.02.19 - 22:35] Berkas tidak ditemukan: \ffmpeg.dll
[2026.02.19 - 22:35] Terjadi kesalahan saat mengambil jalur relatif. Jalur: \icudtl.dat tidak mengandung \\10.1.28.24\Sharing\Game Dev\PB\PB368\Launcher\PBLauncher\Launcher\bin\Debug
[2026.02.19 - 22:35] Berkas tidak ditemukan: \icudtl.dat
[2026.02.19 - 22:35] Terjadi kesalahan saat mengambil jalur relatif. Jalur: \libEGL.dll tidak mengandung \\10.1.28.24\Sharing\Game Dev\PB\PB368\Launcher\PBLauncher\Launcher\bin\Debug
[2026.02.19 - 22:35] Berkas tidak ditemukan: \libEGL.dll
[2026.02.19 - 22:35] Terjadi kesalahan saat mengambil jalur relatif. Jalur: \libGLESv2.dll tidak mengandung \\10.1.28.24\Sharing\Game Dev\PB\PB368\Launcher\PBLauncher\Launcher\bin\Debug
[2026.02.19 - 22:35] Berkas tidak ditemukan: \libGLESv2.dll
[2026.02.19 - 22:35] Terjadi kesalahan saat mengambil jalur relatif. Jalur: \LICENSE.electron.txt tidak mengandung \\10.1.28.24\Sharing\Game Dev\PB\PB368\Launcher\PBLauncher\Launcher\bin\Debug
[2026.02.19 - 22:35] Berkas tidak ditemukan: \LICENSE.electron.txt
[2026.02.19 - 22:35] Terjadi kesalahan saat mengambil jalur relatif. Jalur: \LICENSES.chromium.html tidak mengandung \\10.1.28.24\Sharing\Game Dev\PB\PB368\Launcher\PBLauncher\Launcher\bin\Debug
[2026.02.19 - 22:35] Berkas tidak ditemukan: \LICENSES.chromium.html
[2026.02.19 - 22:35] Terjadi kesalahan saat mengambil jalur relatif. Jalur: \resources.pak tidak mengandung \\10.1.28.24\Sharing\Game Dev\PB\PB368\Launcher\PBLauncher\Launcher\bin\Debug
[2026.02.19 - 22:35] Berkas tidak ditemukan: \resources.pak
[2026.02.19 - 22:35] Terjadi kesalahan saat mengambil jalur relatif. Jalur: \snapshot_blob.bin tidak mengandung \\10.1.28.24\Sharing\Game Dev\PB\PB368\Launcher\PBLauncher\Launcher\bin\Debug
[2026.02.19 - 22:35] Berkas tidak ditemukan: \snapshot_blob.bin
[2026.02.19 - 22:35] Terjadi kesalahan saat mengambil jalur relatif. Jalur: \v8_context_snapshot.bin tidak mengandung \\10.1.28.24\Sharing\Game Dev\PB\PB368\Launcher\PBLauncher\Launcher\bin\Debug
[2026.02.19 - 22:35] Berkas tidak ditemukan: \v8_context_snapshot.bin
[2026.02.19 - 22:35] Terjadi kesalahan saat mengambil jalur relatif. Jalur: \vk_swiftshader.dll tidak mengandung \\10.1.28.24\Sharing\Game Dev\PB\PB368\Launcher\PBLauncher\Launcher\bin\Debug
[2026.02.19 - 22:35] Berkas tidak ditemukan: \vk_swiftshader.dll
[2026.02.19 - 22:35] Terjadi kesalahan saat mengambil jalur relatif. Jalur: \vk_swiftshader_icd.json tidak mengandung \\10.1.28.24\Sharing\Game Dev\PB\PB368\Launcher\PBLauncher\Launcher\bin\Debug
[2026.02.19 - 22:35] Berkas tidak ditemukan: \vk_swiftshader_icd.json
[2026.02.19 - 22:35] Terjadi kesalahan saat mengambil jalur relatif. Jalur: \vulkan-1.dll tidak mengandung \\10.1.28.24\Sharing\Game Dev\PB\PB368\Launcher\PBLauncher\Launcher\bin\Debug
[2026.02.19 - 22:35] Berkas tidak ditemukan: \vulkan-1.dll
[2026.02.19 - 22:35] Mengunduh [15] Berkas tidak valid.
[2026.02.19 - 22:35] Terjadi kesalahan saat mengambil jalur relatif. Jalur: \chrome_100_percent.pak tidak mengandung \\10.1.28.24\Sharing\Game Dev\PB\PB368\Launcher\PBLauncher\Launcher\bin\Debug
[2026.02.19 - 22:35] Berkas [chrome_100_percent.pak] Tidak ditemukan di server. Silakan coba lagi nanti.
[2026.02.19 - 22:35] Terjadi kesalahan saat mengambil jalur relatif. Jalur: \chrome_200_percent.pak tidak mengandung \\10.1.28.24\Sharing\Game Dev\PB\PB368\Launcher\PBLauncher\Launcher\bin\Debug
[2026.02.19 - 22:35] Berkas [chrome_200_percent.pak] Tidak ditemukan di server. Silakan coba lagi nanti.
[2026.02.19 - 22:35] Terjadi kesalahan saat mengambil jalur relatif. Jalur: \d3dcompiler_47.dll tidak mengandung \\10.1.28.24\Sharing\Game Dev\PB\PB368\Launcher\PBLauncher\Launcher\bin\Debug
[2026.02.19 - 22:35] Berkas [d3dcompiler_47.dll] Tidak ditemukan di server. Silakan coba lagi nanti.
[2026.02.19 - 22:35] Terjadi kesalahan saat mengambil jalur relatif. Jalur: \ffmpeg.dll tidak mengandung \\10.1.28.24\Sharing\Game Dev\PB\PB368\Launcher\PBLauncher\Launcher\bin\Debug
[2026.02.19 - 22:35] Berkas [ffmpeg.dll] Tidak ditemukan di server. Silakan coba lagi nanti.
[2026.02.19 - 22:36] Terjadi kesalahan saat mengambil jalur relatif. Jalur: \icudtl.dat tidak mengandung \\10.1.28.24\Sharing\Game Dev\PB\PB368\Launcher\PBLauncher\Launcher\bin\Debug
[2026.02.19 - 22:36] Berkas [icudtl.dat] Tidak ditemukan di server. Silakan coba lagi nanti.
[2026.02.19 - 22:36] Terjadi kesalahan saat mengambil jalur relatif. Jalur: \libEGL.dll tidak mengandung \\10.1.28.24\Sharing\Game Dev\PB\PB368\Launcher\PBLauncher\Launcher\bin\Debug
[2026.02.19 - 22:36] Berkas [libEGL.dll] Tidak ditemukan di server. Silakan coba lagi nanti.
[2026.02.19 - 22:36] Terjadi kesalahan saat mengambil jalur relatif. Jalur: \libGLESv2.dll tidak mengandung \\10.1.28.24\Sharing\Game Dev\PB\PB368\Launcher\PBLauncher\Launcher\bin\Debug
[2026.02.19 - 22:36] Berkas [libGLESv2.dll] Tidak ditemukan di server. Silakan coba lagi nanti.
[2026.02.19 - 22:36] Terjadi kesalahan saat mengambil jalur relatif. Jalur: \LICENSE.electron.txt tidak mengandung \\10.1.28.24\Sharing\Game Dev\PB\PB368\Launcher\PBLauncher\Launcher\bin\Debug
[2026.02.19 - 22:36] Berkas [LICENSE.electron.txt] Tidak ditemukan di server. Silakan coba lagi nanti.
[2026.02.19 - 22:36] Terjadi kesalahan saat mengambil jalur relatif. Jalur: \LICENSES.chromium.html tidak mengandung \\10.1.28.24\Sharing\Game Dev\PB\PB368\Launcher\PBLauncher\Launcher\bin\Debug
[2026.02.19 - 22:36] Berkas [LICENSES.chromium.html] Tidak ditemukan di server. Silakan coba lagi nanti.
[2026.02.19 - 22:36] Terjadi kesalahan saat mengambil jalur relatif. Jalur: \resources.pak tidak mengandung \\10.1.28.24\Sharing\Game Dev\PB\PB368\Launcher\PBLauncher\Launcher\bin\Debug
[2026.02.19 - 22:36] Berkas [resources.pak] Tidak ditemukan di server. Silakan coba lagi nanti.
[2026.02.19 - 22:36] Terjadi kesalahan saat mengambil jalur relatif. Jalur: \snapshot_blob.bin tidak mengandung \\10.1.28.24\Sharing\Game Dev\PB\PB368\Launcher\PBLauncher\Launcher\bin\Debug
[2026.02.19 - 22:36] Berkas [snapshot_blob.bin] Tidak ditemukan di server. Silakan coba lagi nanti.
[2026.02.19 - 22:36] Terjadi kesalahan saat mengambil jalur relatif. Jalur: \v8_context_snapshot.bin tidak mengandung \\10.1.28.24\Sharing\Game Dev\PB\PB368\Launcher\PBLauncher\Launcher\bin\Debug
[2026.02.19 - 22:36] Berkas [v8_context_snapshot.bin] Tidak ditemukan di server. Silakan coba lagi nanti.
[2026.02.19 - 22:36] Terjadi kesalahan saat mengambil jalur relatif. Jalur: \vk_swiftshader.dll tidak mengandung \\10.1.28.24\Sharing\Game Dev\PB\PB368\Launcher\PBLauncher\Launcher\bin\Debug
[2026.02.19 - 22:36] Berkas [vk_swiftshader.dll] Tidak ditemukan di server. Silakan coba lagi nanti.
[2026.02.19 - 22:36] Terjadi kesalahan saat mengambil jalur relatif. Jalur: \vk_swiftshader_icd.json tidak mengandung \\10.1.28.24\Sharing\Game Dev\PB\PB368\Launcher\PBLauncher\Launcher\bin\Debug
[2026.02.19 - 22:36] Berkas [vk_swiftshader_icd.json] Tidak ditemukan di server. Silakan coba lagi nanti.
[2026.02.19 - 22:36] Terjadi kesalahan saat mengambil jalur relatif. Jalur: \vulkan-1.dll tidak mengandung \\10.1.28.24\Sharing\Game Dev\PB\PB368\Launcher\PBLauncher\Launcher\bin\Debug
[2026.02.19 - 22:36] Berkas [vulkan-1.dll] Tidak ditemukan di server. Silakan coba lagi nanti.
[2026.02.19 - 22:36] Verifikasi selesai.
[2026.02.19 - 22:36] Terdeteksi [15] Berkas tidak valid.
[2026.02.19 - 22:37] Memeriksa file-file penting.
[2026.02.19 - 22:37] [#] Config.json.
[2026.02.19 - 22:37] [#] Newtonsoft.Json.dll.
[2026.02.19 - 22:37] [#] System.ValueTuple.dll.
[2026.02.19 - 22:37] [#] System.Threading.Tasks.Extensions.dll.
[2026.02.19 - 22:37] [#] System.Runtime.CompilerServices.Unsafe.dll.
[2026.02.19 - 22:37] Berkas telah diverifikasi.
[2026.02.19 - 22:38] Permainan tidak dapat dimulai. 'PointBlank.exe' tidak ditemukan.
[2026.02.19 - 22:45] Memeriksa file-file penting.
[2026.02.19 - 22:45] [#] Config.json.
[2026.02.19 - 22:45] [#] Newtonsoft.Json.dll.
[2026.02.19 - 22:45] [#] System.ValueTuple.dll.
[2026.02.19 - 22:45] [#] System.Threading.Tasks.Extensions.dll.
[2026.02.19 - 22:45] [#] System.Runtime.CompilerServices.Unsafe.dll.
[2026.02.19 - 22:45] Berkas telah diverifikasi.
[2026.03.05 - 23:50] Memeriksa file-file penting.
[2026.03.05 - 23:50] [#] Config.json.
[2026.03.05 - 23:50] [#] Newtonsoft.Json.dll.
[2026.03.05 - 23:50] [#] System.ValueTuple.dll.
[2026.03.05 - 23:50] [#] System.Threading.Tasks.Extensions.dll.
[2026.03.05 - 23:50] [#] System.Runtime.CompilerServices.Unsafe.dll.
[2026.03.05 - 23:50] Berkas telah diverifikasi.
[2026.03.05 - 23:51] Kami tidak dapat terhubung ke basis data.
[2026.03.05 - 23:54] Memeriksa file-file penting.
[2026.03.05 - 23:54] [#] Config.json.
[2026.03.05 - 23:54] [#] Newtonsoft.Json.dll.
[2026.03.05 - 23:54] [#] System.ValueTuple.dll.
[2026.03.05 - 23:54] [#] System.Threading.Tasks.Extensions.dll.
[2026.03.05 - 23:54] [#] System.Runtime.CompilerServices.Unsafe.dll.
[2026.03.05 - 23:54] Berkas telah diverifikasi.
[2026.03.05 - 23:56] Memeriksa file-file penting.
[2026.03.05 - 23:56] [#] Config.json.
[2026.03.05 - 23:56] [#] Newtonsoft.Json.dll.
[2026.03.05 - 23:56] [#] System.ValueTuple.dll.
[2026.03.05 - 23:56] [#] System.Threading.Tasks.Extensions.dll.
[2026.03.05 - 23:56] [#] System.Runtime.CompilerServices.Unsafe.dll.
[2026.03.05 - 23:56] Berkas telah diverifikasi.
[2026.03.05 - 23:57] Memeriksa file-file penting.
[2026.03.05 - 23:57] [#] Config.json.
[2026.03.05 - 23:57] [#] Newtonsoft.Json.dll.
[2026.03.05 - 23:57] [#] System.ValueTuple.dll.
[2026.03.05 - 23:57] [#] System.Threading.Tasks.Extensions.dll.
[2026.03.05 - 23:57] [#] System.Runtime.CompilerServices.Unsafe.dll.
[2026.03.05 - 23:57] Berkas telah diverifikasi.
[2026.03.05 - 23:57] Permainan tidak dapat dimulai. 'PointBlank.exe' tidak ditemukan.
[2026.03.05 - 23:58] Memeriksa file-file penting.
[2026.03.05 - 23:58] [#] Config.json.
[2026.03.05 - 23:58] [#] Newtonsoft.Json.dll.
[2026.03.05 - 23:58] [#] System.ValueTuple.dll.
[2026.03.05 - 23:58] [#] System.Threading.Tasks.Extensions.dll.
[2026.03.05 - 23:58] [#] System.Runtime.CompilerServices.Unsafe.dll.
[2026.03.05 - 23:58] Berkas telah diverifikasi.
[2026.03.06 - 23:47] Memeriksa file-file penting.
[2026.03.06 - 23:47] [#] Config.json.
[2026.03.06 - 23:47] [#] Newtonsoft.Json.dll.
[2026.03.06 - 23:47] [#] System.ValueTuple.dll.
[2026.03.06 - 23:47] [#] System.Threading.Tasks.Extensions.dll.
[2026.03.06 - 23:47] [#] System.Runtime.CompilerServices.Unsafe.dll.
[2026.03.06 - 23:47] Berkas telah diverifikasi.
[2026.03.06 - 23:47] Kami tidak dapat terhubung ke basis data.
[2026.03.06 - 23:48] Memeriksa file-file penting.
[2026.03.06 - 23:48] [#] Config.json.
[2026.03.06 - 23:48] [#] Newtonsoft.Json.dll.
[2026.03.06 - 23:48] [#] System.ValueTuple.dll.
[2026.03.06 - 23:48] [#] System.Threading.Tasks.Extensions.dll.
[2026.03.06 - 23:48] [#] System.Runtime.CompilerServices.Unsafe.dll.
[2026.03.06 - 23:48] Berkas telah diverifikasi.
[2026.03.06 - 23:50] Memeriksa file-file penting.
[2026.03.06 - 23:50] [#] Config.json.
[2026.03.06 - 23:50] [#] Newtonsoft.Json.dll.
[2026.03.06 - 23:50] [#] System.ValueTuple.dll.
[2026.03.06 - 23:50] [#] System.Threading.Tasks.Extensions.dll.
[2026.03.06 - 23:50] [#] System.Runtime.CompilerServices.Unsafe.dll.
[2026.03.06 - 23:50] Berkas telah diverifikasi.
[2026.03.06 - 23:50] Memeriksa file-file penting.
[2026.03.06 - 23:50] [#] Config.json.
[2026.03.06 - 23:50] [#] Newtonsoft.Json.dll.
[2026.03.06 - 23:50] [#] System.ValueTuple.dll.
[2026.03.06 - 23:50] [#] System.Threading.Tasks.Extensions.dll.
[2026.03.06 - 23:50] [#] System.Runtime.CompilerServices.Unsafe.dll.
[2026.03.06 - 23:50] Berkas telah diverifikasi.
[2026.03.06 - 23:51] Memeriksa file-file penting.
[2026.03.06 - 23:51] [#] Config.json.
[2026.03.06 - 23:51] [#] Newtonsoft.Json.dll.
[2026.03.06 - 23:51] [#] System.ValueTuple.dll.
[2026.03.06 - 23:51] [#] System.Threading.Tasks.Extensions.dll.
[2026.03.06 - 23:51] [#] System.Runtime.CompilerServices.Unsafe.dll.
[2026.03.06 - 23:51] Berkas telah diverifikasi.
[2026.03.06 - 23:51] Memeriksa file-file penting.
[2026.03.06 - 23:51] [#] Config.json.
[2026.03.06 - 23:51] [#] Newtonsoft.Json.dll.
[2026.03.06 - 23:51] [#] System.ValueTuple.dll.
[2026.03.06 - 23:51] [#] System.Threading.Tasks.Extensions.dll.
[2026.03.06 - 23:51] [#] System.Runtime.CompilerServices.Unsafe.dll.
[2026.03.06 - 23:51] Berkas telah diverifikasi.
[2026.03.06 - 23:52] Memeriksa file-file penting.
[2026.03.06 - 23:52] [#] Config.json.
[2026.03.06 - 23:52] [#] Newtonsoft.Json.dll.
[2026.03.06 - 23:52] [#] System.ValueTuple.dll.
[2026.03.06 - 23:52] [#] System.Threading.Tasks.Extensions.dll.
[2026.03.06 - 23:52] [#] System.Runtime.CompilerServices.Unsafe.dll.
[2026.03.06 - 23:52] Berkas telah diverifikasi.
[2026.03.06 - 23:56] Memeriksa file-file penting.
[2026.03.06 - 23:56] [#] Config.json.
[2026.03.06 - 23:56] [#] Newtonsoft.Json.dll.
[2026.03.06 - 23:56] [#] System.ValueTuple.dll.
[2026.03.06 - 23:56] [#] System.Threading.Tasks.Extensions.dll.
[2026.03.06 - 23:56] [#] System.Runtime.CompilerServices.Unsafe.dll.
[2026.03.06 - 23:56] Berkas telah diverifikasi.
[2026.03.07 - 00:05] Memeriksa file-file penting.
[2026.03.07 - 00:05] [#] Config.json.
[2026.03.07 - 00:05] [#] Newtonsoft.Json.dll.
[2026.03.07 - 00:05] [#] System.ValueTuple.dll.
[2026.03.07 - 00:05] [#] System.Threading.Tasks.Extensions.dll.
[2026.03.07 - 00:05] [#] System.Runtime.CompilerServices.Unsafe.dll.
[2026.03.07 - 00:05] Berkas telah diverifikasi.
[2026.03.07 - 00:18] Memeriksa file-file penting.
[2026.03.07 - 00:18] [#] Config.json.
[2026.03.07 - 00:18] [#] Newtonsoft.Json.dll.
[2026.03.07 - 00:18] [#] System.ValueTuple.dll.
[2026.03.07 - 00:18] [#] System.Threading.Tasks.Extensions.dll.
[2026.03.07 - 00:18] [#] System.Runtime.CompilerServices.Unsafe.dll.
[2026.03.07 - 00:18] Berkas telah diverifikasi.
[2026.03.07 - 00:22] Memeriksa file-file penting.
[2026.03.07 - 00:22] [#] Config.json.
[2026.03.07 - 00:22] [#] Newtonsoft.Json.dll.
[2026.03.07 - 00:22] [#] System.ValueTuple.dll.
[2026.03.07 - 00:22] [#] System.Threading.Tasks.Extensions.dll.
[2026.03.07 - 00:22] [#] System.Runtime.CompilerServices.Unsafe.dll.
[2026.03.07 - 00:22] Berkas telah diverifikasi.
[2026.03.07 - 00:25] Memeriksa file-file penting.
[2026.03.07 - 00:25] [#] Config.json.
[2026.03.07 - 00:25] [#] Newtonsoft.Json.dll.
[2026.03.07 - 00:25] [#] System.ValueTuple.dll.
[2026.03.07 - 00:25] [#] System.Threading.Tasks.Extensions.dll.
[2026.03.07 - 00:25] [#] System.Runtime.CompilerServices.Unsafe.dll.
[2026.03.07 - 00:25] Berkas telah diverifikasi.
[2026.03.07 - 00:26] Memeriksa file-file penting.
[2026.03.07 - 00:26] [#] Config.json.
[2026.03.07 - 00:26] [#] Newtonsoft.Json.dll.
[2026.03.07 - 00:26] [#] System.ValueTuple.dll.
[2026.03.07 - 00:26] [#] System.Threading.Tasks.Extensions.dll.
[2026.03.07 - 00:26] [#] System.Runtime.CompilerServices.Unsafe.dll.
[2026.03.07 - 00:26] Berkas telah diverifikasi.
[2026.03.07 - 00:26] Memeriksa file-file penting.
[2026.03.07 - 00:26] [#] Config.json.
[2026.03.07 - 00:26] [#] Newtonsoft.Json.dll.
[2026.03.07 - 00:26] [#] System.ValueTuple.dll.
[2026.03.07 - 00:26] [#] System.Threading.Tasks.Extensions.dll.
[2026.03.07 - 00:26] [#] System.Runtime.CompilerServices.Unsafe.dll.
[2026.03.07 - 00:26] Berkas telah diverifikasi.
[2026.03.07 - 00:28] Memeriksa file-file penting.
[2026.03.07 - 00:28] [#] Config.json.
[2026.03.07 - 00:28] [#] Newtonsoft.Json.dll.
[2026.03.07 - 00:28] [#] System.ValueTuple.dll.
[2026.03.07 - 00:28] [#] System.Threading.Tasks.Extensions.dll.
[2026.03.07 - 00:28] [#] System.Runtime.CompilerServices.Unsafe.dll.
[2026.03.07 - 00:28] Berkas telah diverifikasi.
[2026.03.07 - 00:30] Memeriksa file-file penting.
[2026.03.07 - 00:30] [#] Config.json.
[2026.03.07 - 00:30] [#] Newtonsoft.Json.dll.
[2026.03.07 - 00:30] [#] System.ValueTuple.dll.
[2026.03.07 - 00:30] [#] System.Threading.Tasks.Extensions.dll.
[2026.03.07 - 00:30] [#] System.Runtime.CompilerServices.Unsafe.dll.
[2026.03.07 - 00:30] Berkas telah diverifikasi.
[2026.03.07 - 00:32] Memeriksa file-file penting.
[2026.03.07 - 00:32] [#] Config.json.
[2026.03.07 - 00:32] [#] Newtonsoft.Json.dll.
[2026.03.07 - 00:32] [#] System.ValueTuple.dll.
[2026.03.07 - 00:32] [#] System.Threading.Tasks.Extensions.dll.
[2026.03.07 - 00:32] [#] System.Runtime.CompilerServices.Unsafe.dll.
[2026.03.07 - 00:32] Berkas telah diverifikasi.
[2026.03.07 - 00:32] Memeriksa file-file penting.
[2026.03.07 - 00:32] [#] Config.json.
[2026.03.07 - 00:32] [#] Newtonsoft.Json.dll.
[2026.03.07 - 00:32] [#] System.ValueTuple.dll.
[2026.03.07 - 00:32] [#] System.Threading.Tasks.Extensions.dll.
[2026.03.07 - 00:32] [#] System.Runtime.CompilerServices.Unsafe.dll.
[2026.03.07 - 00:32] Berkas telah diverifikasi.
[2026.03.07 - 00:34] Memeriksa file-file penting.
[2026.03.07 - 00:34] [#] Config.json.
[2026.03.07 - 00:34] [#] Newtonsoft.Json.dll.
[2026.03.07 - 00:34] [#] System.ValueTuple.dll.
[2026.03.07 - 00:34] [#] System.Threading.Tasks.Extensions.dll.
[2026.03.07 - 00:34] [#] System.Runtime.CompilerServices.Unsafe.dll.
[2026.03.07 - 00:34] Berkas telah diverifikasi.
[2026.03.07 - 00:34] Memeriksa file-file penting.
[2026.03.07 - 00:34] [#] Config.json.
[2026.03.07 - 00:34] [#] Newtonsoft.Json.dll.
[2026.03.07 - 00:34] [#] System.ValueTuple.dll.
[2026.03.07 - 00:34] [#] System.Threading.Tasks.Extensions.dll.
[2026.03.07 - 00:34] [#] System.Runtime.CompilerServices.Unsafe.dll.
[2026.03.07 - 00:34] Berkas telah diverifikasi.
[2026.03.07 - 00:35] Memeriksa file-file penting.
[2026.03.07 - 00:35] [#] Config.json.
[2026.03.07 - 00:35] [#] Newtonsoft.Json.dll.
[2026.03.07 - 00:35] [#] System.ValueTuple.dll.
[2026.03.07 - 00:35] [#] System.Threading.Tasks.Extensions.dll.
[2026.03.07 - 00:35] [#] System.Runtime.CompilerServices.Unsafe.dll.
[2026.03.07 - 00:35] Berkas telah diverifikasi.
[2026.03.07 - 00:36] Memeriksa file-file penting.
[2026.03.07 - 00:36] [#] Config.json.
[2026.03.07 - 00:36] [#] Newtonsoft.Json.dll.
[2026.03.07 - 00:36] [#] System.ValueTuple.dll.
[2026.03.07 - 00:36] [#] System.Threading.Tasks.Extensions.dll.
[2026.03.07 - 00:36] [#] System.Runtime.CompilerServices.Unsafe.dll.
[2026.03.07 - 00:36] Berkas telah diverifikasi.
[2026.03.07 - 00:37] Memeriksa file-file penting.
[2026.03.07 - 00:37] [#] Config.json.
[2026.03.07 - 00:37] [#] Newtonsoft.Json.dll.
[2026.03.07 - 00:37] [#] System.ValueTuple.dll.
[2026.03.07 - 00:37] [#] System.Threading.Tasks.Extensions.dll.
[2026.03.07 - 00:37] [#] System.Runtime.CompilerServices.Unsafe.dll.
[2026.03.07 - 00:37] Berkas telah diverifikasi.
[2026.03.07 - 00:39] Memeriksa file-file penting.
[2026.03.07 - 00:39] [#] Config.json.
[2026.03.07 - 00:39] [#] Newtonsoft.Json.dll.
[2026.03.07 - 00:39] [#] System.ValueTuple.dll.
[2026.03.07 - 00:39] [#] System.Threading.Tasks.Extensions.dll.
[2026.03.07 - 00:39] [#] System.Runtime.CompilerServices.Unsafe.dll.
[2026.03.07 - 00:39] Berkas telah diverifikasi.
[2026.03.07 - 00:40] Memeriksa file-file penting.
[2026.03.07 - 00:40] [#] Config.json.
[2026.03.07 - 00:40] [#] Newtonsoft.Json.dll.
[2026.03.07 - 00:40] [#] System.ValueTuple.dll.
[2026.03.07 - 00:40] [#] System.Threading.Tasks.Extensions.dll.
[2026.03.07 - 00:40] [#] System.Runtime.CompilerServices.Unsafe.dll.
[2026.03.07 - 00:40] Berkas telah diverifikasi.
[2026.03.07 - 00:41] Memeriksa file-file penting.
[2026.03.07 - 00:41] [#] Config.json.
[2026.03.07 - 00:41] [#] Newtonsoft.Json.dll.
[2026.03.07 - 00:41] [#] System.ValueTuple.dll.
[2026.03.07 - 00:41] [#] System.Threading.Tasks.Extensions.dll.
[2026.03.07 - 00:41] [#] System.Runtime.CompilerServices.Unsafe.dll.
[2026.03.07 - 00:41] Berkas telah diverifikasi.
[2026.03.07 - 00:41] Memeriksa file-file penting.
[2026.03.07 - 00:41] [#] Config.json.
[2026.03.07 - 00:41] [#] Newtonsoft.Json.dll.
[2026.03.07 - 00:41] [#] System.ValueTuple.dll.
[2026.03.07 - 00:41] [#] System.Threading.Tasks.Extensions.dll.
[2026.03.07 - 00:41] [#] System.Runtime.CompilerServices.Unsafe.dll.
[2026.03.07 - 00:41] Berkas telah diverifikasi.
[2026.03.07 - 00:42] Memeriksa file-file penting.
[2026.03.07 - 00:42] [#] Config.json.
[2026.03.07 - 00:42] [#] Newtonsoft.Json.dll.
[2026.03.07 - 00:42] [#] System.ValueTuple.dll.
[2026.03.07 - 00:42] [#] System.Threading.Tasks.Extensions.dll.
[2026.03.07 - 00:42] [#] System.Runtime.CompilerServices.Unsafe.dll.
[2026.03.07 - 00:42] Berkas telah diverifikasi.
[2026.03.07 - 00:44] Memeriksa file-file penting.
[2026.03.07 - 00:44] [#] Config.json.
[2026.03.07 - 00:44] [#] Newtonsoft.Json.dll.
[2026.03.07 - 00:44] [#] System.ValueTuple.dll.
[2026.03.07 - 00:44] [#] System.Threading.Tasks.Extensions.dll.
[2026.03.07 - 00:44] [#] System.Runtime.CompilerServices.Unsafe.dll.
[2026.03.07 - 00:44] Berkas telah diverifikasi.
[2026.03.07 - 00:45] Memeriksa file-file penting.
[2026.03.07 - 00:45] [#] Config.json.
[2026.03.07 - 00:45] [#] Newtonsoft.Json.dll.
[2026.03.07 - 00:45] [#] System.ValueTuple.dll.
[2026.03.07 - 00:45] [#] System.Threading.Tasks.Extensions.dll.
[2026.03.07 - 00:45] [#] System.Runtime.CompilerServices.Unsafe.dll.
[2026.03.07 - 00:45] Berkas telah diverifikasi.
[2026.03.07 - 00:46] Memeriksa file-file penting.
[2026.03.07 - 00:46] [#] Config.json.
[2026.03.07 - 00:46] [#] Newtonsoft.Json.dll.
[2026.03.07 - 00:46] [#] System.ValueTuple.dll.
[2026.03.07 - 00:46] [#] System.Threading.Tasks.Extensions.dll.
[2026.03.07 - 00:46] [#] System.Runtime.CompilerServices.Unsafe.dll.
[2026.03.07 - 00:46] Berkas telah diverifikasi.
[2026.03.07 - 00:55] Memeriksa file-file penting.
[2026.03.07 - 00:55] [#] Config.json.
[2026.03.07 - 00:55] [#] Newtonsoft.Json.dll.
[2026.03.07 - 00:55] [#] System.ValueTuple.dll.
[2026.03.07 - 00:55] [#] System.Threading.Tasks.Extensions.dll.
[2026.03.07 - 00:55] [#] System.Runtime.CompilerServices.Unsafe.dll.
[2026.03.07 - 00:55] Berkas telah diverifikasi.
[2026.03.07 - 00:55] Memeriksa file-file penting.
[2026.03.07 - 00:55] [#] Config.json.
[2026.03.07 - 00:55] [#] Newtonsoft.Json.dll.
[2026.03.07 - 00:55] [#] System.ValueTuple.dll.
[2026.03.07 - 00:55] [#] System.Threading.Tasks.Extensions.dll.
[2026.03.07 - 00:55] [#] System.Runtime.CompilerServices.Unsafe.dll.
[2026.03.07 - 00:55] Berkas telah diverifikasi.
[2026.03.07 - 00:57] Memeriksa file-file penting.
[2026.03.07 - 00:57] [#] Config.json.
[2026.03.07 - 00:57] [#] Newtonsoft.Json.dll.
[2026.03.07 - 00:57] [#] System.ValueTuple.dll.
[2026.03.07 - 00:57] [#] System.Threading.Tasks.Extensions.dll.
[2026.03.07 - 00:57] [#] System.Runtime.CompilerServices.Unsafe.dll.
[2026.03.07 - 00:57] Berkas telah diverifikasi.
[2026.03.07 - 00:57] Memeriksa file-file penting.
[2026.03.07 - 00:57] [#] Config.json.
[2026.03.07 - 00:57] [#] Newtonsoft.Json.dll.
[2026.03.07 - 00:57] [#] System.ValueTuple.dll.
[2026.03.07 - 00:57] [#] System.Threading.Tasks.Extensions.dll.
[2026.03.07 - 00:57] [#] System.Runtime.CompilerServices.Unsafe.dll.
[2026.03.07 - 00:57] Berkas telah diverifikasi.
[2026.03.07 - 00:59] Memeriksa file-file penting.
[2026.03.07 - 00:59] [#] Config.json.
[2026.03.07 - 00:59] [#] Newtonsoft.Json.dll.
[2026.03.07 - 00:59] [#] System.ValueTuple.dll.
[2026.03.07 - 00:59] [#] System.Threading.Tasks.Extensions.dll.
[2026.03.07 - 00:59] [#] System.Runtime.CompilerServices.Unsafe.dll.
[2026.03.07 - 00:59] Berkas telah diverifikasi.
[2026.03.07 - 01:02] Memeriksa file-file penting.
[2026.03.07 - 01:02] [#] Config.json.
[2026.03.07 - 01:02] [#] Newtonsoft.Json.dll.
[2026.03.07 - 01:02] [#] System.ValueTuple.dll.
[2026.03.07 - 01:02] [#] System.Threading.Tasks.Extensions.dll.
[2026.03.07 - 01:02] [#] System.Runtime.CompilerServices.Unsafe.dll.
[2026.03.07 - 01:02] Berkas telah diverifikasi.
[2026.03.07 - 01:28] Memeriksa file-file penting.
[2026.03.07 - 01:28] [#] Config.json.
[2026.03.07 - 01:28] [#] Newtonsoft.Json.dll.
[2026.03.07 - 01:28] [#] System.ValueTuple.dll.
[2026.03.07 - 01:28] [#] System.Threading.Tasks.Extensions.dll.
[2026.03.07 - 01:28] [#] System.Runtime.CompilerServices.Unsafe.dll.
[2026.03.07 - 01:28] Berkas telah diverifikasi.
[2026.03.07 - 01:29] Memeriksa file-file penting.
[2026.03.07 - 01:29] [#] Config.json.
[2026.03.07 - 01:29] [#] Newtonsoft.Json.dll.
[2026.03.07 - 01:29] [#] System.ValueTuple.dll.
[2026.03.07 - 01:29] [#] System.Threading.Tasks.Extensions.dll.
[2026.03.07 - 01:29] [#] System.Runtime.CompilerServices.Unsafe.dll.
[2026.03.07 - 01:29] Berkas telah diverifikasi.
[2026.03.07 - 01:30] Memeriksa file-file penting.
[2026.03.07 - 01:30] [#] Config.json.
[2026.03.07 - 01:30] [#] Newtonsoft.Json.dll.
[2026.03.07 - 01:30] [#] System.ValueTuple.dll.
[2026.03.07 - 01:30] [#] System.Threading.Tasks.Extensions.dll.
[2026.03.07 - 01:30] [#] System.Runtime.CompilerServices.Unsafe.dll.
[2026.03.07 - 01:30] Berkas telah diverifikasi.
[2026.03.07 - 01:31] Memeriksa file-file penting.
[2026.03.07 - 01:31] [#] Config.json.
[2026.03.07 - 01:31] [#] Newtonsoft.Json.dll.
[2026.03.07 - 01:31] [#] System.ValueTuple.dll.
[2026.03.07 - 01:31] [#] System.Threading.Tasks.Extensions.dll.
[2026.03.07 - 01:31] [#] System.Runtime.CompilerServices.Unsafe.dll.
[2026.03.07 - 01:31] Berkas telah diverifikasi.
[2026.03.07 - 01:57] Memeriksa file-file penting.
[2026.03.07 - 01:57] [#] Config.json.
[2026.03.07 - 01:57] [#] Newtonsoft.Json.dll.
[2026.03.07 - 01:57] [#] System.ValueTuple.dll.
[2026.03.07 - 01:57] [#] System.Threading.Tasks.Extensions.dll.
[2026.03.07 - 01:57] [#] System.Runtime.CompilerServices.Unsafe.dll.
[2026.03.07 - 01:57] Berkas telah diverifikasi.
[2026.03.07 - 02:08] Memeriksa file-file penting.
[2026.03.07 - 02:08] [#] Config.json.
[2026.03.07 - 02:08] [#] Newtonsoft.Json.dll.
[2026.03.07 - 02:08] [#] System.ValueTuple.dll.
[2026.03.07 - 02:08] [#] System.Threading.Tasks.Extensions.dll.
[2026.03.07 - 02:08] [#] System.Runtime.CompilerServices.Unsafe.dll.
[2026.03.07 - 02:08] Berkas telah diverifikasi.
[2026.03.07 - 02:08] Memeriksa file-file penting.
[2026.03.07 - 02:08] [#] Config.json.
[2026.03.07 - 02:08] [#] Newtonsoft.Json.dll.
[2026.03.07 - 02:08] [#] System.ValueTuple.dll.
[2026.03.07 - 02:08] [#] System.Threading.Tasks.Extensions.dll.
[2026.03.07 - 02:08] [#] System.Runtime.CompilerServices.Unsafe.dll.
[2026.03.07 - 02:08] Berkas telah diverifikasi.
[2026.03.07 - 02:09] Memeriksa file-file penting.
[2026.03.07 - 02:09] [#] Config.json.
[2026.03.07 - 02:09] [#] Newtonsoft.Json.dll.
[2026.03.07 - 02:09] [#] System.ValueTuple.dll.
[2026.03.07 - 02:09] [#] System.Threading.Tasks.Extensions.dll.
[2026.03.07 - 02:09] [#] System.Runtime.CompilerServices.Unsafe.dll.
[2026.03.07 - 02:09] Berkas telah diverifikasi.
[2026.03.07 - 02:10] Memeriksa file-file penting.
[2026.03.07 - 02:10] [#] Config.json.
[2026.03.07 - 02:10] [#] Newtonsoft.Json.dll.
[2026.03.07 - 02:10] [#] System.ValueTuple.dll.
[2026.03.07 - 02:10] [#] System.Threading.Tasks.Extensions.dll.
[2026.03.07 - 02:10] [#] System.Runtime.CompilerServices.Unsafe.dll.
[2026.03.07 - 02:10] Berkas telah diverifikasi.
[2026.03.07 - 02:31] Memeriksa file-file penting.
[2026.03.07 - 02:31] [#] Config.json.
[2026.03.07 - 02:31] [#] Newtonsoft.Json.dll.
[2026.03.07 - 02:31] [#] System.ValueTuple.dll.
[2026.03.07 - 02:31] [#] System.Threading.Tasks.Extensions.dll.
[2026.03.07 - 02:31] [#] System.Runtime.CompilerServices.Unsafe.dll.
[2026.03.07 - 02:31] Berkas telah diverifikasi.
[2026.03.07 - 02:33] Memeriksa file-file penting.
[2026.03.07 - 02:33] [#] Config.json.
[2026.03.07 - 02:33] [#] Newtonsoft.Json.dll.
[2026.03.07 - 02:33] [#] System.ValueTuple.dll.
[2026.03.07 - 02:33] [#] System.Threading.Tasks.Extensions.dll.
[2026.03.07 - 02:33] [#] System.Runtime.CompilerServices.Unsafe.dll.
[2026.03.07 - 02:33] Berkas telah diverifikasi.
[2026.03.07 - 03:08] Memeriksa file-file penting.
[2026.03.07 - 03:08] [#] Config.json.
[2026.03.07 - 03:08] [#] Newtonsoft.Json.dll.
[2026.03.07 - 03:08] [#] System.ValueTuple.dll.
[2026.03.07 - 03:08] [#] System.Threading.Tasks.Extensions.dll.
[2026.03.07 - 03:08] [#] System.Runtime.CompilerServices.Unsafe.dll.
[2026.03.07 - 03:08] Berkas telah diverifikasi.
[2026.03.07 - 03:08] [#] Gagal melakukan login 
[2026.03.07 - 03:08] Permainan tidak dapat dimulai. 'PointBlank.exe' tidak ditemukan.
[2026.03.07 - 03:09] Memeriksa file-file penting.
[2026.03.07 - 03:09] [#] Config.json.
[2026.03.07 - 03:09] [#] Newtonsoft.Json.dll.
[2026.03.07 - 03:09] [#] System.ValueTuple.dll.
[2026.03.07 - 03:09] [#] System.Threading.Tasks.Extensions.dll.
[2026.03.07 - 03:09] [#] System.Runtime.CompilerServices.Unsafe.dll.
[2026.03.07 - 03:09] Berkas telah diverifikasi.
[2026.03.07 - 03:09] [#] Gagal melakukan login 
[2026.03.07 - 03:24] Memeriksa file-file penting.
[2026.03.07 - 03:24] [#] Config.json.
[2026.03.07 - 03:24] [#] Newtonsoft.Json.dll.
[2026.03.07 - 03:24] [#] System.ValueTuple.dll.
[2026.03.07 - 03:24] [#] System.Threading.Tasks.Extensions.dll.
[2026.03.07 - 03:24] [#] System.Runtime.CompilerServices.Unsafe.dll.
[2026.03.07 - 03:24] Berkas telah diverifikasi.
[2026.03.07 - 03:26] Memeriksa file-file penting.
[2026.03.07 - 03:26] [#] Config.json.
[2026.03.07 - 03:26] [#] Newtonsoft.Json.dll.
[2026.03.07 - 03:26] [#] System.ValueTuple.dll.
[2026.03.07 - 03:26] [#] System.Threading.Tasks.Extensions.dll.
[2026.03.07 - 03:26] [#] System.Runtime.CompilerServices.Unsafe.dll.
[2026.03.07 - 03:26] Berkas telah diverifikasi.
[2026.03.07 - 03:26] Permainan tidak dapat dimulai. 'PointBlank.exe' tidak ditemukan.
[2026.03.10 - 01:03] Memeriksa file-file penting.
[2026.03.10 - 01:03] [#] Config.json.
[2026.03.10 - 01:03] [#] Newtonsoft.Json.dll.
[2026.03.10 - 01:03] [#] System.ValueTuple.dll.
[2026.03.10 - 01:03] [#] System.Threading.Tasks.Extensions.dll.
[2026.03.10 - 01:03] [#] System.Runtime.CompilerServices.Unsafe.dll.
[2026.03.10 - 01:03] Berkas telah diverifikasi.
